### Install Laravel and Dependencies

# Laravel 11
- composer create-project "laravel/laravel:^11.0" Samawa

# Configure /etc/hosts for localhost

# Create database
- CREATE DATABASE database_name;
- GRANT ALL PRIVILEGES ON database_name.* TO 'database_user'@'%';
- FLUSH PRIVILEGES;

# Configure .env with Docker-Server

DB_CONNECTION=mysql
DB_HOST=mysql (Docker Service)
DB_PORT=3306
DB_DATABASE=database_name
DB_USERNAME=database_user
DB_PASSWORD=database_secret

SESSION_DRIVER=redis
QUEUE_CONNECTION=redis
CACHE_STORE=redis

REDIS_HOST=redis (Docker Service)
REDIS_PASSWORD=redis_secret
REDIS_PORT=6379

# Check database connection
- php artisan db:monitor
- php artisan migrate

# Check redis connection
- php artisan tinker
> Cache::put('test', 'redis-works', 10);
> Cache::get('test');
Output: "redis-works"

# Modify .gitignore and README.md

### Models and Database Schema
- php artisan make:mode City -m
- php artisan make:mode WeddingOrganizer -m
- php artisan make:mode WeddingPackage -m
- php artisan make:mode BonusPackage -m
- php artisan make:mode WeddingBonusPackage -m
- php artisan make:mode WeddingPhoto -m
- php artisan make:mode BookingTransaction -m
- php artisan make:mode WeddingTestimonial -m
# After modify Database Schema then migrate
- php artisan migrate

### Mass assignment and relationship on Models

### Filament - Content Management System
- composer require filament/filament:"^3.3" -W
- php artisan filament:install --panels
# What is the ID? > admin
# All done! Would you like to show some love by starring the Filament repo on GitHub? > No

### Filament - Create User
- php artisan make:filament-user
# Input Name, Email and Password

### Filament Resource
- php artisan make:filament-resource City
- php artisan make:filament-resource WeddingOrganizer
- php artisan make:filament-resource WeddingPackage
- php artisan make:filament-resource BonusPackage
- php artisan make:filament-resource BookingTransaction
- php artisan make:filament-resource WeddingTestimonial
- php artisan storage:link

### API JsonResource
- php artisan make:resource Api/CityResource
- php artisan make:resource Api/WeddingOrganizerResource
- php artisan make:resource Api/WeddingPackageResource
- php artisan make:resource Api/BonusPackageResource
- php artisan make:resource Api/WeddingBonusPackageResource
- php artisan make:resource Api/WeddingPhotoResource
- php artisan make:resource Api/BookingTransactionResource
- php artisan make:resource Api/WeddingTestimonialResource
- php artisan make:resource Api/ViewBookingDetailsResource

### API Controller
- php artisan install:api
- php artisan make:controller Api/CityController
- php artisan make:controller Api/WeddingOrganizerController
- php artisan make:controller Api/WeddingPackageController
- php artisan make:controller Api/BookingTransactionController
- php artisan make:controller Api/WeddingTestimonialController
# Modify API Route

### Query API - BookingTransactionController
- php artisan make:request StoreBookingTransactionRequest
# Modify BookingTransactionController
